<?xml version="1.0" encoding="UTF-8"?>
<!-- Generated by org.testng.reporters.JUnitReportReporter -->
<testsuite hostname="IN5CG8367DML" name="baseLayer.WebDriverLaunch" tests="1" failures="0" timestamp="19 Jul 2019 09:28:23 GMT" time="7.338" errors="0">
  <testcase name="setup" time="7.338" classname="baseLayer.WebDriverLaunch"/>
</testsuite> <!-- baseLayer.WebDriverLaunch -->
