<?xml version="1.0" encoding="UTF-8"?>
<!-- Generated by org.testng.reporters.JUnitReportReporter -->
<testsuite hostname="IN5CG8367DML" name="fBPOM.FBLoginandout" tests="1" failures="0" timestamp="1 Aug 2019 06:10:47 GMT" time="9.949" errors="0">
  <testcase name="log" time="9.949" classname="fBPOM.FBLoginandout"/>
</testsuite> <!-- fBPOM.FBLoginandout -->
